\BOOKMARK [1][-]{section.1}{\376\377\004\040\004\060\004\101\004\077\004\100\004\065\004\064\004\065\004\073\004\065\004\075\004\070\004\117}{}% 1
\BOOKMARK [1][-]{section.2}{\376\377\004\023\004\070\004\101\004\102\004\076\004\063\004\100\004\060\004\074\004\074\004\060}{}% 2
\BOOKMARK [2][-]{subsection.2.1}{\376\377\004\036\004\077\004\100\004\065\004\064\004\065\004\073\004\065\004\075\004\070\004\065}{section.2}% 3
\BOOKMARK [2][-]{subsection.2.2}{\376\377\004\023\004\100\004\060\004\104\004\070\004\107\004\065\004\101\004\072\004\076\004\065\000\040\004\076\004\077\004\070\004\101\004\060\004\075\004\070\004\065}{section.2}% 4
\BOOKMARK [2][-]{subsection.2.3}{\376\377\004\030\004\101\004\077\004\076\004\073\004\114\004\067\004\076\004\062\004\060\004\075\004\070\004\065}{section.2}% 5
\BOOKMARK [1][-]{section.3}{\376\377\004\022\004\060\004\100\004\070\004\060\004\106\004\070\004\076\004\075\004\075\004\113\004\071\000\040\004\100\004\117\004\064}{}% 6
\BOOKMARK [1][-]{section.4}{\376\377\004\022\004\113\004\061\004\076\004\100\004\076\004\107\004\075\004\113\004\065\000\040\004\107\004\070\004\101\004\073\004\076\004\062\004\113\004\065\000\040\004\105\004\060\004\100\004\060\004\072\004\102\004\065\004\100\004\070\004\101\004\102\004\070\004\072\004\070}{}% 7
\BOOKMARK [2][-]{subsection.4.1}{\376\377\004\045\004\060\004\100\004\060\004\072\004\102\004\065\004\100\004\070\004\101\004\102\004\070\004\072\004\070\000\040\004\077\004\076\004\073\004\076\004\066\004\065\004\075\004\070\004\117}{section.4}% 8
\BOOKMARK [2][-]{subsection.4.2}{\376\377\004\045\004\060\004\100\004\060\004\072\004\102\004\065\004\100\004\070\004\101\004\102\004\070\004\072\004\070\000\040\004\100\004\060\004\101\004\101\004\065\004\117\004\075\004\070\004\117}{section.4}% 9
\BOOKMARK [1][-]{section.5}{\376\377\004\021\004\076\004\072\004\101\004\077\004\073\004\076\004\102\000\040\004\042\004\114\004\116\004\072\004\070}{}% 10
\BOOKMARK [2][-]{subsection.5.1}{\376\377\004\036\004\077\004\100\004\065\004\064\004\065\004\073\004\065\004\075\004\070\004\065}{section.5}% 11
\BOOKMARK [2][-]{subsection.5.2}{\376\377\004\036\004\077\004\070\004\101\004\060\004\075\004\070\004\065}{section.5}% 12
\BOOKMARK [2][-]{subsection.5.3}{\376\377\004\037\004\076\004\101\004\102\004\100\004\076\004\065\004\075\004\070\004\065}{section.5}% 13
\BOOKMARK [1][-]{section.6}{\376\377\004\042\004\065\004\076\004\100\004\065\004\102\004\070\004\107\004\065\004\101\004\072\004\060\004\117\000\040\004\062\004\065\004\100\004\076\004\117\004\102\004\075\004\076\004\101\004\102\004\114\000\040\004\062\004\113\004\061\004\100\004\076\004\101\004\076\004\062}{}% 14
\BOOKMARK [1][-]{section.7}{\376\377\004\055\004\074\004\077\004\070\004\100\004\070\004\107\004\065\004\101\004\072\004\060\004\117\000\040\004\104\004\103\004\075\004\072\004\106\004\070\004\117\000\040\004\100\004\060\004\101\004\077\004\100\004\065\004\064\004\065\004\073\004\065\004\075\004\070\004\117}{}% 15
\BOOKMARK [2][-]{subsection.7.1}{\376\377\004\041\004\102\004\060\004\102\004\070\004\101\004\102\004\070\004\107\004\065\004\101\004\072\004\070\004\071\000\040\004\100\004\117\004\064}{section.7}% 16
\BOOKMARK [2][-]{subsection.7.2}{\376\377\004\036\004\077\004\100\004\065\004\064\004\065\004\073\004\065\004\075\004\070\004\065}{section.7}% 17
\BOOKMARK [2][-]{subsection.7.3}{\376\377\004\036\004\077\004\070\004\101\004\060\004\075\004\070\004\065}{section.7}% 18
\BOOKMARK [1][-]{section.8}{\376\377\004\036\004\106\004\065\004\075\004\072\004\070\000\040\004\077\004\073\004\076\004\102\004\075\004\076\004\101\004\102\004\070\000\040\004\062\004\065\004\100\004\076\004\117\004\102\004\075\004\076\004\101\004\102\004\070}{}% 19
\BOOKMARK [2][-]{subsection.8.1}{\376\377\004\036\004\077\004\100\004\065\004\064\004\065\004\073\004\065\004\075\004\070\004\065}{section.8}% 20
\BOOKMARK [2][-]{subsection.8.2}{\376\377\004\057\004\064\004\065\004\100\004\075\004\113\004\065\000\040\004\076\004\106\004\065\004\075\004\072\004\070}{section.8}% 21
\BOOKMARK [2][-]{subsection.8.3}{\376\377\004\036\004\106\004\065\004\075\004\072\004\060\000\040\004\072\004\060\004\107\004\065\004\101\004\102\004\062\004\060\000\040\004\117\004\064\004\065\004\100\004\075\004\113\004\105\000\040\004\077\004\100\004\070\004\061\004\073\004\070\004\066\004\065\004\075\004\070\004\071}{section.8}% 22
\BOOKMARK [1][-]{figure.1}{\376\377\004\033\004\070\004\102\004\065\004\100\004\060\004\102\004\103\004\100\004\060}{}% 23
